[thevistalogos.com/index.html]
[backblue.gif]
[fade.gif]
[index.html]
[thevistalogos.com/assets/img/favicon/favicon-16x16.png]
[use.fontawesome.com/releases/v5.8.2/css/all.css]
[cdnjs.cloudflare.com/ajax/libs/fancybox/3.5.6/jquery.fancybox.min.css]
[cdnjs.cloudflare.com/ajax/libs/bxslider/4.2.15/jquery.bxslider.min.css]
[cdnjs.cloudflare.com/ajax/libs/toastr.js/latest/toastr.min.css]
[cdnjs.cloudflare.com/ajax/libs/OwlCarousel2/2.3.4/assets/owl.carousel.min.css]
[cdnjs.cloudflare.com/ajax/libs/OwlCarousel2/2.3.4/assets/owl.theme.default.min.css]
[thevistalogos.com/assets/img/logo.png]
[thevistalogos.com/logo_design.html]
[thevistalogos.com/web_design.html]
[thevistalogos.com/video_animation.html]
[thevistalogos.com/branding.html]
[thevistalogos.com/seo.html]
[thevistalogos.com/portfolio.html]
[thevistalogos.com/pricing.html]
[thevistalogos.com/contact.html]
[thevistalogos.com/order/terms.html]
[thevistalogos.com/order/privacy.html]
[thevistalogos.com/assets/js/plugins.js]
[cdnjs.cloudflare.com/ajax/libs/jQuery-slimScroll/1.3.8/jquery.slimscroll.min.js]
[cdnjs.cloudflare.com/ajax/libs/bxslider/4.1.2/jquery.bxslider.min.js]
[cdnjs.cloudflare.com/ajax/libs/fancybox/3.5.6/jquery.fancybox.min.js]
[unpkg.com/imagesloaded@4.1.4/imagesloaded.pkgd.min.js]
[thevistalogos.com/assets/js/custom.js]
[cdnjs.cloudflare.com/ajax/libs/toastr.js/latest/toastr.min.js]
[thevistalogos.com/assets/js/web-workers/backend/web-worker-backend.js]
[thevistalogos.com/assets/js/lazyload-background.js]
[thevistalogos.com/assets/js/socketPackage/socket.io.js]
[thevistalogos.com/assets/js/socketPackage/socket.js]
[thevistalogos.com/assets/js/socketPackage/online-offline.js]
[thevistalogos.com/index.html]
[use.fontawesome.com/releases/v5.8.2/css/all.css]
[cdnjs.cloudflare.com/ajax/libs/fancybox/3.5.6/jquery.fancybox.min.css]
[cdnjs.cloudflare.com/ajax/libs/bxslider/4.2.15/images/bx_loader.gif]
[static.zdassets.com/ekr/snippetddb2.js]
[cdnjs.cloudflare.com/ajax/libs/bxslider/4.2.15/images/controls.png]
[cdnjs.cloudflare.com/ajax/libs/bxslider/4.2.15/jquery.bxslider.min.css]
[thevistalogos.com/assets/webfonts/fa-brands-400.eot]
[thevistalogos.com/assets/webfonts/fa-brands-400d41d.eot]
[thevistalogos.com/assets/webfonts/fa-brands-400.woff]
[thevistalogos.com/assets/webfonts/fa-brands-400.ttf]
[thevistalogos.com/assets/webfonts/fa-regular-400.eot]
[thevistalogos.com/assets/webfonts/fa-regular-400d41d.eot]
[thevistalogos.com/assets/webfonts/fa-regular-400.woff]
[thevistalogos.com/assets/webfonts/fa-regular-400.ttf]
[thevistalogos.com/assets/webfonts/fa-solid-900.eot]
[thevistalogos.com/assets/webfonts/fa-solid-900d41d.eot]
[thevistalogos.com/assets/webfonts/fa-solid-900.woff]
[thevistalogos.com/assets/webfonts/fa-solid-900.ttf]
[thevistalogos.com/assets/img/flags.png]
[thevistalogos.com/assets/css/plugins.css]
[thevistalogos.com/assets/img/mega_menu_ic.png]
[thevistalogos.com/assets/img/cta-bg-1-1.jpg]
[thevistalogos.com/assets/img/cta-bg-1-2.png]
[thevistalogos.com/assets/img/logo-banner-bg.jpg]
[thevistalogos.com/assets/img/branding-banner-bg.jpg]
[thevistalogos.com/assets/img/web-banner-bg.jpg]
[thevistalogos.com/assets/img/video-banner-bg.jpg]
[thevistalogos.com/assets/img/seo-banner-bg.jpg]
[thevistalogos.com/assets/img/project-banner-bg.jpg]
[thevistalogos.com/assets/img/pricing-banner-bg.jpg]
[thevistalogos.com/assets/img/contact-bg.jpg]
[thevistalogos.com/assets/img/promo-banner.jpg]
[thevistalogos.com/assets/img/ic_sprite_logomajic.png]
[thevistalogos.com/assets/img/tab1.png]
[thevistalogos.com/assets/img/tab2.png]
[thevistalogos.com/assets/img/tab3.png]
[thevistalogos.com/assets/img/tab4.png]
[thevistalogos.com/assets/img/tab5.png]
[thevistalogos.com/assets/img/tab6.png]
[thevistalogos.com/assets/img/combo-bg.jpg]
[thevistalogos.com/assets/img/new-header-banner.jpg]
[thevistalogos.com/assets/img/popup-bg.png]
[thevistalogos.com/assets/css/style.css]
[thevistalogos.com/assets/css/responsive.css]
[thevistalogos.com/assets/css/ledge/sweetalert.css]
[cdnjs.cloudflare.com/ajax/libs/toastr.js/latest/toastr.min.css]
[cdnjs.cloudflare.com/ajax/libs/OwlCarousel2/2.3.4/assets/owl.carousel.min.css]
[cdnjs.cloudflare.com/ajax/libs/OwlCarousel2/2.3.4/assets/owl.theme.default.min.css]
[www.googletagmanager.com/gtm5445.html]
[cdnjs.cloudflare.com/ajax/libs/OwlCarousel2/2.3.4/assets/owl.video.play.png]
[thevistalogos.com/assets/img/portfolio/logo/01.jpg]
[thevistalogos.com/assets/img/portfolio/logo/02.jpg]
[thevistalogos.com/assets/img/portfolio/logo/03.jpg]
[thevistalogos.com/assets/img/portfolio/logo/04.jpg]
[thevistalogos.com/assets/img/portfolio/logo/05.jpg]
[thevistalogos.com/assets/img/portfolio/logo/06.jpg]
[thevistalogos.com/assets/img/portfolio/logo/07.jpg]
[thevistalogos.com/assets/img/portfolio/logo/08.jpg]
[thevistalogos.com/assets/img/portfolio/logo/09.jpg]
[thevistalogos.com/assets/img/why_choose_img1.png]
[thevistalogos.com/assets/img/why_choose_img2.png]
[thevistalogos.com/assets/img/why_choose_img3.png]
[thevistalogos.com/assets/img/why_choose_img4.png]
[thevistalogos.com/logo_design.html]
[thevistalogos.com/assets/img/portfolio/web/01.jpg]
[thevistalogos.com/assets/img/portfolio/web/02.jpg]
[thevistalogos.com/assets/img/portfolio/web/03.jpg]
[thevistalogos.com/assets/img/portfolio/web/04.jpg]
[thevistalogos.com/assets/img/portfolio/web/05.jpg]
[thevistalogos.com/assets/img/portfolio/web/06.jpg]
[thevistalogos.com/assets/img/portfolio/web/07.jpg]
[thevistalogos.com/assets/img/portfolio/web/08.jpg]
[thevistalogos.com/assets/img/portfolio/web/09.jpg]
[thevistalogos.com/web_design.html]
[thevistalogos.com/assets/img/portfolio/video/one.jpg]
[thevistalogos.com/assets/img/portfolio/video/second.jpg]
[thevistalogos.com/assets/img/portfolio/video/third.jpg]
[thevistalogos.com/assets/img/portfolio/video/fourth.jpg]
[thevistalogos.com/assets/img/portfolio/video/five.jpg]
[thevistalogos.com/assets/img/portfolio/video/six.jpg]
[thevistalogos.com/video_animation.html]
[thevistalogos.com/assets/img/portfolio/branding/branding1.jpg]
[thevistalogos.com/assets/img/portfolio/branding/branding2.jpg]
[thevistalogos.com/assets/img/portfolio/branding/branding3.jpg]
[thevistalogos.com/assets/img/portfolio/branding/branding4.jpg]
[thevistalogos.com/assets/img/portfolio/branding/branding5.jpg]
[thevistalogos.com/assets/img/portfolio/branding/branding6.jpg]
[thevistalogos.com/assets/img/portfolio/branding/branding7.jpg]
[thevistalogos.com/assets/img/portfolio/branding/branding8.jpg]
[thevistalogos.com/branding.html]
[thevistalogos.com/seo.html]
[thevistalogos.com/assets/img/portfolio/logo/10.jpg]
[thevistalogos.com/assets/img/portfolio/logo/11.jpg]
[thevistalogos.com/assets/img/portfolio/logo/12.jpg]
[thevistalogos.com/assets/img/portfolio/logo/13.jpg]
[thevistalogos.com/assets/img/portfolio/logo/14.jpg]
[thevistalogos.com/assets/img/portfolio/logo/15.jpg]
[thevistalogos.com/assets/img/portfolio/web/thumb/01.jpg]
[thevistalogos.com/assets/img/portfolio/web/thumb/02.jpg]
[thevistalogos.com/assets/img/portfolio/web/thumb/03.jpg]
[thevistalogos.com/assets/img/portfolio/web/thumb/04.jpg]
[thevistalogos.com/assets/img/portfolio/web/thumb/05.jpg]
[thevistalogos.com/assets/img/portfolio/web/thumb/06.jpg]
[thevistalogos.com/assets/img/portfolio/web/thumb/07.jpg]
[thevistalogos.com/assets/img/portfolio/web/thumb/08.jpg]
[thevistalogos.com/assets/img/portfolio/web/thumb/09.jpg]
[thevistalogos.com/assets/img/portfolio/web/thumb/10.jpg]
[thevistalogos.com/assets/img/portfolio/web/10.jpg]
[thevistalogos.com/assets/img/portfolio/web/thumb/11.jpg]
[thevistalogos.com/assets/img/portfolio/web/11.jpg]
[thevistalogos.com/assets/img/portfolio/web/thumb/12.jpg]
[thevistalogos.com/assets/img/portfolio/web/12.jpg]
[thevistalogos.com/assets/img/portfolio/web/thumb/13.jpg]
[thevistalogos.com/assets/img/portfolio/web/13.jpg]
[thevistalogos.com/assets/img/portfolio/web/thumb/14.jpg]
[thevistalogos.com/assets/img/portfolio/web/14.jpg]
[thevistalogos.com/assets/img/portfolio/web/thumb/15.jpg]
[thevistalogos.com/assets/img/portfolio/web/15.jpg]
[thevistalogos.com/portfolio.html]
[thevistalogos.com/pricing.html]
[thevistalogos.com/contact.html]
[thevistalogos.com/assets/img/portfolio/logo/webp/01.html]
[thevistalogos.com/assets/img/portfolio/logo/webp/02.html]
[thevistalogos.com/assets/img/portfolio/logo/webp/03.html]
[thevistalogos.com/assets/img/portfolio/logo/webp/04.html]
[thevistalogos.com/assets/img/portfolio/logo/webp/05.html]
[thevistalogos.com/assets/img/portfolio/logo/webp/06.html]
[thevistalogos.com/assets/img/portfolio/logo/webp/07.html]
[thevistalogos.com/assets/img/portfolio/logo/webp/08.html]
[thevistalogos.com/assets/img/portfolio/logo/webp/09.html]
[thevistalogos.com/assets/order/img/favicon.png]
[use.fontawesome.com/releases/v5.6.3/css/all.css]
[thevistalogos.com/assets/order/img/logo.png]
[thevistalogos.com/assets/order/js/lib.js]
[thevistalogos.com/assets/order/js/functions.js]
[thevistalogos.com/order/terms.html]
[thevistalogos.com/order/privacy.html]
[thevistalogos.com/assets/fonts/glyphicons-halflings-regular.html]
[thevistalogos.com/assets/fonts/glyphicons-halflings-regulard41d.html]
[thevistalogos.com/assets/fonts/glyphicons-halflings-regular-2.html]
[thevistalogos.com/assets/fonts/glyphicons-halflings-regular-3.html]
[thevistalogos.com/assets/fonts/glyphicons-halflings-regular-4.html]
[thevistalogos.com/assets/fonts/glyphicons-halflings-regular-5.html]
[thevistalogos.com/assets/css/owl.video.play.html]
[thevistalogos.com/assets/webfonts/fa-brands-400.html]
[thevistalogos.com/assets/webfonts/fa-brands-400.svg]
[thevistalogos.com/assets/webfonts/fa-regular-400.html]
[thevistalogos.com/assets/webfonts/fa-regular-400.svg]
[thevistalogos.com/assets/webfonts/fa-solid-900.html]
[static.zdassets.com/ekr/snippet05a5.js]
[thevistalogos.com/assets/webfonts/fa-solid-900.svg]
[thevistalogos.com/assets/fonts/icofont7858.html]
[thevistalogos.com/assets/fonts/icofont7858-2.html]
[thevistalogos.com/assets/fonts/icofont7858-3.html]
[thevistalogos.com/assets/fonts/icofont7858-4.html]
[thevistalogos.com/assets/css/fonts/printify-icon6092.html]
[thevistalogos.com/assets/css/fonts/printify-icon6092-2.html]
[thevistalogos.com/assets/css/fonts/printify-icon6092-3.html]
[thevistalogos.com/assets/css/fonts/printify-icon6092-4.html]
[thevistalogos.com/assets/img/flags@2x.html]
[thevistalogos.com/assets/images/regional/flags.html]
[thevistalogos.com/assets/images/flag-glows.html]
[thevistalogos.com/assets/img/cta-bg-2-1.html]
[thevistalogos.com/assets/img/testi-bg-1-1.html]
[thevistalogos.com/assets/img/phone.html]
[thevistalogos.com/assets/img/chat.html]
[thevistalogos.com/assets/img/right-chat-box.html]
[thevistalogos.com/assets/img/map-bg.html]
[thevistalogos.com/assets/img/fact-image.html]
[use.fontawesome.com/releases/v5.6.3/css/all.css]
[thevistalogos.com/assets/order/css/style.css]
[thevistalogos.com/assets/order/css/custom-scroller.css]
[thevistalogos.com/assets/order/css/style-web.css]
[thevistalogos.com/assets/order/css/style-responsive.css]
[thevistalogos.com/assets/order/images/sprite.html]
[thevistalogos.com/assets/order/images/sprite-pkg.html]
[thevistalogos.com/assets/order/images/check-icon.html]
